<?xml version="1.0" encoding="UTF-8"?>
<testsuite xmlns:xsi="http://www.w3.org/2001/XMLSchema-instance" xsi:noNamespaceSchemaLocation="https://maven.apache.org/surefire/maven-surefire-plugin/xsd/surefire-test-report-3.0.xsd" version="3.0" name="DriverExecutable.DriverTest" time="51.141" tests="51" errors="0" skipped="0" failures="0">
  <properties>
    <property name="sun.desktop" value="windows"/>
    <property name="awt.toolkit" value="sun.awt.windows.WToolkit"/>
    <property name="file.encoding.pkg" value="sun.io"/>
    <property name="java.specification.version" value="1.8"/>
    <property name="sun.cpu.isalist" value="amd64"/>
    <property name="sun.jnu.encoding" value="Cp1252"/>
    <property name="java.class.path" value="C:\Users\dheeraj.b\eclipse-workspace\SelBDDJenGit\target\test-classes;C:\Users\dheeraj.b\eclipse-workspace\SelBDDJenGit\target\classes;C:\Users\dheeraj.b\.m2\repository\io\github\bonigarcia\webdrivermanager\4.0.0\webdrivermanager-4.0.0.jar;C:\Users\dheeraj.b\.m2\repository\org\slf4j\slf4j-api\1.7.30\slf4j-api-1.7.30.jar;C:\Users\dheeraj.b\.m2\repository\commons-io\commons-io\2.6\commons-io-2.6.jar;C:\Users\dheeraj.b\.m2\repository\com\google\code\gson\gson\2.8.6\gson-2.8.6.jar;C:\Users\dheeraj.b\.m2\repository\org\apache\commons\commons-lang3\3.10\commons-lang3-3.10.jar;C:\Users\dheeraj.b\.m2\repository\org\apache\httpcomponents\client5\httpclient5\5.0\httpclient5-5.0.jar;C:\Users\dheeraj.b\.m2\repository\org\apache\httpcomponents\core5\httpcore5\5.0\httpcore5-5.0.jar;C:\Users\dheeraj.b\.m2\repository\org\apache\httpcomponents\core5\httpcore5-h2\5.0\httpcore5-h2-5.0.jar;C:\Users\dheeraj.b\.m2\repository\commons-codec\commons-codec\1.13\commons-codec-1.13.jar;C:\Users\dheeraj.b\.m2\repository\org\rauschig\jarchivelib\1.0.0\jarchivelib-1.0.0.jar;C:\Users\dheeraj.b\.m2\repository\org\apache\commons\commons-compress\1.18\commons-compress-1.18.jar;C:\Users\dheeraj.b\.m2\repository\org\jsoup\jsoup\1.13.1\jsoup-1.13.1.jar;C:\Users\dheeraj.b\.m2\repository\org\seleniumhq\selenium\selenium-java\3.141.59\selenium-java-3.141.59.jar;C:\Users\dheeraj.b\.m2\repository\org\seleniumhq\selenium\selenium-api\3.141.59\selenium-api-3.141.59.jar;C:\Users\dheeraj.b\.m2\repository\org\seleniumhq\selenium\selenium-chrome-driver\3.141.59\selenium-chrome-driver-3.141.59.jar;C:\Users\dheeraj.b\.m2\repository\org\seleniumhq\selenium\selenium-edge-driver\3.141.59\selenium-edge-driver-3.141.59.jar;C:\Users\dheeraj.b\.m2\repository\org\seleniumhq\selenium\selenium-firefox-driver\3.141.59\selenium-firefox-driver-3.141.59.jar;C:\Users\dheeraj.b\.m2\repository\org\seleniumhq\selenium\selenium-ie-driver\3.141.59\selenium-ie-driver-3.141.59.jar;C:\Users\dheeraj.b\.m2\repository\org\seleniumhq\selenium\selenium-opera-driver\3.141.59\selenium-opera-driver-3.141.59.jar;C:\Users\dheeraj.b\.m2\repository\org\seleniumhq\selenium\selenium-remote-driver\3.141.59\selenium-remote-driver-3.141.59.jar;C:\Users\dheeraj.b\.m2\repository\org\seleniumhq\selenium\selenium-safari-driver\3.141.59\selenium-safari-driver-3.141.59.jar;C:\Users\dheeraj.b\.m2\repository\org\seleniumhq\selenium\selenium-support\3.141.59\selenium-support-3.141.59.jar;C:\Users\dheeraj.b\.m2\repository\net\bytebuddy\byte-buddy\1.8.15\byte-buddy-1.8.15.jar;C:\Users\dheeraj.b\.m2\repository\org\apache\commons\commons-exec\1.3\commons-exec-1.3.jar;C:\Users\dheeraj.b\.m2\repository\com\google\guava\guava\25.0-jre\guava-25.0-jre.jar;C:\Users\dheeraj.b\.m2\repository\com\google\code\findbugs\jsr305\1.3.9\jsr305-1.3.9.jar;C:\Users\dheeraj.b\.m2\repository\org\checkerframework\checker-compat-qual\2.0.0\checker-compat-qual-2.0.0.jar;C:\Users\dheeraj.b\.m2\repository\com\google\errorprone\error_prone_annotations\2.1.3\error_prone_annotations-2.1.3.jar;C:\Users\dheeraj.b\.m2\repository\com\google\j2objc\j2objc-annotations\1.1\j2objc-annotations-1.1.jar;C:\Users\dheeraj.b\.m2\repository\org\codehaus\mojo\animal-sniffer-annotations\1.14\animal-sniffer-annotations-1.14.jar;C:\Users\dheeraj.b\.m2\repository\com\squareup\okhttp3\okhttp\3.11.0\okhttp-3.11.0.jar;C:\Users\dheeraj.b\.m2\repository\com\squareup\okio\okio\1.14.0\okio-1.14.0.jar;C:\Users\dheeraj.b\.m2\repository\junit\junit\4.13\junit-4.13.jar;C:\Users\dheeraj.b\.m2\repository\org\hamcrest\hamcrest-core\1.3\hamcrest-core-1.3.jar;C:\Users\dheeraj.b\.m2\repository\org\hamcrest\hamcrest-all\1.3\hamcrest-all-1.3.jar;C:\Users\dheeraj.b\.m2\repository\info\cukes\cucumber-java\1.2.5\cucumber-java-1.2.5.jar;C:\Users\dheeraj.b\.m2\repository\info\cukes\cucumber-core\1.2.5\cucumber-core-1.2.5.jar;C:\Users\dheeraj.b\.m2\repository\info\cukes\cucumber-html\0.2.3\cucumber-html-0.2.3.jar;C:\Users\dheeraj.b\.m2\repository\info\cukes\cucumber-junit\1.2.5\cucumber-junit-1.2.5.jar;C:\Users\dheeraj.b\.m2\repository\info\cukes\cucumber-jvm-deps\1.0.5\cucumber-jvm-deps-1.0.5.jar;C:\Users\dheeraj.b\.m2\repository\net\masterthought\cucumber-reporting\5.0.2\cucumber-reporting-5.0.2.jar;C:\Users\dheeraj.b\.m2\repository\com\fasterxml\jackson\core\jackson-databind\2.10.1\jackson-databind-2.10.1.jar;C:\Users\dheeraj.b\.m2\repository\com\fasterxml\jackson\core\jackson-annotations\2.10.1\jackson-annotations-2.10.1.jar;C:\Users\dheeraj.b\.m2\repository\com\fasterxml\jackson\core\jackson-core\2.10.1\jackson-core-2.10.1.jar;C:\Users\dheeraj.b\.m2\repository\com\fasterxml\jackson\datatype\jackson-datatype-jsr310\2.10.1\jackson-datatype-jsr310-2.10.1.jar;C:\Users\dheeraj.b\.m2\repository\org\apache\velocity\velocity-engine-core\2.1\velocity-engine-core-2.1.jar;C:\Users\dheeraj.b\.m2\repository\commons-collections\commons-collections\3.2.2\commons-collections-3.2.2.jar;C:\Users\dheeraj.b\.m2\repository\joda-time\joda-time\2.10.5\joda-time-2.10.5.jar;C:\Users\dheeraj.b\.m2\repository\org\codehaus\plexus\plexus-utils\3.3.0\plexus-utils-3.3.0.jar;C:\Users\dheeraj.b\.m2\repository\com\googlecode\owasp-java-html-sanitizer\owasp-java-html-sanitizer\20191001.1\owasp-java-html-sanitizer-20191001.1.jar;C:\Users\dheeraj.b\.m2\repository\commons-configuration\commons-configuration\1.10\commons-configuration-1.10.jar;C:\Users\dheeraj.b\.m2\repository\commons-lang\commons-lang\2.6\commons-lang-2.6.jar;C:\Users\dheeraj.b\.m2\repository\commons-logging\commons-logging\1.1.1\commons-logging-1.1.1.jar;C:\Users\dheeraj.b\.m2\repository\info\cukes\gherkin\2.12.2\gherkin-2.12.2.jar;"/>
    <property name="java.vm.vendor" value="Oracle Corporation"/>
    <property name="sun.arch.data.model" value="64"/>
    <property name="user.variant" value=""/>
    <property name="java.vendor.url" value="http://java.oracle.com/"/>
    <property name="user.timezone" value="Asia/Calcutta"/>
    <property name="java.vm.specification.version" value="1.8"/>
    <property name="os.name" value="Windows 10"/>
    <property name="user.country" value="US"/>
    <property name="sun.java.launcher" value="SUN_STANDARD"/>
    <property name="sun.boot.library.path" value="C:\Program Files\Java\jdk1.8.0_192\jre\bin"/>
    <property name="sun.java.command" value="C:\Users\dheeraj.b\AppData\Local\Temp\surefire8819041456347253909\surefirebooter5332441224931014104.jar C:\Users\dheeraj.b\AppData\Local\Temp\surefire8819041456347253909 2020-05-22T15-01-45_362-jvmRun1 surefire6691966506632573277tmp surefire_04175303011933438447tmp"/>
    <property name="surefire.test.class.path" value="C:\Users\dheeraj.b\eclipse-workspace\SelBDDJenGit\target\test-classes;C:\Users\dheeraj.b\eclipse-workspace\SelBDDJenGit\target\classes;C:\Users\dheeraj.b\.m2\repository\io\github\bonigarcia\webdrivermanager\4.0.0\webdrivermanager-4.0.0.jar;C:\Users\dheeraj.b\.m2\repository\org\slf4j\slf4j-api\1.7.30\slf4j-api-1.7.30.jar;C:\Users\dheeraj.b\.m2\repository\commons-io\commons-io\2.6\commons-io-2.6.jar;C:\Users\dheeraj.b\.m2\repository\com\google\code\gson\gson\2.8.6\gson-2.8.6.jar;C:\Users\dheeraj.b\.m2\repository\org\apache\commons\commons-lang3\3.10\commons-lang3-3.10.jar;C:\Users\dheeraj.b\.m2\repository\org\apache\httpcomponents\client5\httpclient5\5.0\httpclient5-5.0.jar;C:\Users\dheeraj.b\.m2\repository\org\apache\httpcomponents\core5\httpcore5\5.0\httpcore5-5.0.jar;C:\Users\dheeraj.b\.m2\repository\org\apache\httpcomponents\core5\httpcore5-h2\5.0\httpcore5-h2-5.0.jar;C:\Users\dheeraj.b\.m2\repository\commons-codec\commons-codec\1.13\commons-codec-1.13.jar;C:\Users\dheeraj.b\.m2\repository\org\rauschig\jarchivelib\1.0.0\jarchivelib-1.0.0.jar;C:\Users\dheeraj.b\.m2\repository\org\apache\commons\commons-compress\1.18\commons-compress-1.18.jar;C:\Users\dheeraj.b\.m2\repository\org\jsoup\jsoup\1.13.1\jsoup-1.13.1.jar;C:\Users\dheeraj.b\.m2\repository\org\seleniumhq\selenium\selenium-java\3.141.59\selenium-java-3.141.59.jar;C:\Users\dheeraj.b\.m2\repository\org\seleniumhq\selenium\selenium-api\3.141.59\selenium-api-3.141.59.jar;C:\Users\dheeraj.b\.m2\repository\org\seleniumhq\selenium\selenium-chrome-driver\3.141.59\selenium-chrome-driver-3.141.59.jar;C:\Users\dheeraj.b\.m2\repository\org\seleniumhq\selenium\selenium-edge-driver\3.141.59\selenium-edge-driver-3.141.59.jar;C:\Users\dheeraj.b\.m2\repository\org\seleniumhq\selenium\selenium-firefox-driver\3.141.59\selenium-firefox-driver-3.141.59.jar;C:\Users\dheeraj.b\.m2\repository\org\seleniumhq\selenium\selenium-ie-driver\3.141.59\selenium-ie-driver-3.141.59.jar;C:\Users\dheeraj.b\.m2\repository\org\seleniumhq\selenium\selenium-opera-driver\3.141.59\selenium-opera-driver-3.141.59.jar;C:\Users\dheeraj.b\.m2\repository\org\seleniumhq\selenium\selenium-remote-driver\3.141.59\selenium-remote-driver-3.141.59.jar;C:\Users\dheeraj.b\.m2\repository\org\seleniumhq\selenium\selenium-safari-driver\3.141.59\selenium-safari-driver-3.141.59.jar;C:\Users\dheeraj.b\.m2\repository\org\seleniumhq\selenium\selenium-support\3.141.59\selenium-support-3.141.59.jar;C:\Users\dheeraj.b\.m2\repository\net\bytebuddy\byte-buddy\1.8.15\byte-buddy-1.8.15.jar;C:\Users\dheeraj.b\.m2\repository\org\apache\commons\commons-exec\1.3\commons-exec-1.3.jar;C:\Users\dheeraj.b\.m2\repository\com\google\guava\guava\25.0-jre\guava-25.0-jre.jar;C:\Users\dheeraj.b\.m2\repository\com\google\code\findbugs\jsr305\1.3.9\jsr305-1.3.9.jar;C:\Users\dheeraj.b\.m2\repository\org\checkerframework\checker-compat-qual\2.0.0\checker-compat-qual-2.0.0.jar;C:\Users\dheeraj.b\.m2\repository\com\google\errorprone\error_prone_annotations\2.1.3\error_prone_annotations-2.1.3.jar;C:\Users\dheeraj.b\.m2\repository\com\google\j2objc\j2objc-annotations\1.1\j2objc-annotations-1.1.jar;C:\Users\dheeraj.b\.m2\repository\org\codehaus\mojo\animal-sniffer-annotations\1.14\animal-sniffer-annotations-1.14.jar;C:\Users\dheeraj.b\.m2\repository\com\squareup\okhttp3\okhttp\3.11.0\okhttp-3.11.0.jar;C:\Users\dheeraj.b\.m2\repository\com\squareup\okio\okio\1.14.0\okio-1.14.0.jar;C:\Users\dheeraj.b\.m2\repository\junit\junit\4.13\junit-4.13.jar;C:\Users\dheeraj.b\.m2\repository\org\hamcrest\hamcrest-core\1.3\hamcrest-core-1.3.jar;C:\Users\dheeraj.b\.m2\repository\org\hamcrest\hamcrest-all\1.3\hamcrest-all-1.3.jar;C:\Users\dheeraj.b\.m2\repository\info\cukes\cucumber-java\1.2.5\cucumber-java-1.2.5.jar;C:\Users\dheeraj.b\.m2\repository\info\cukes\cucumber-core\1.2.5\cucumber-core-1.2.5.jar;C:\Users\dheeraj.b\.m2\repository\info\cukes\cucumber-html\0.2.3\cucumber-html-0.2.3.jar;C:\Users\dheeraj.b\.m2\repository\info\cukes\cucumber-junit\1.2.5\cucumber-junit-1.2.5.jar;C:\Users\dheeraj.b\.m2\repository\info\cukes\cucumber-jvm-deps\1.0.5\cucumber-jvm-deps-1.0.5.jar;C:\Users\dheeraj.b\.m2\repository\net\masterthought\cucumber-reporting\5.0.2\cucumber-reporting-5.0.2.jar;C:\Users\dheeraj.b\.m2\repository\com\fasterxml\jackson\core\jackson-databind\2.10.1\jackson-databind-2.10.1.jar;C:\Users\dheeraj.b\.m2\repository\com\fasterxml\jackson\core\jackson-annotations\2.10.1\jackson-annotations-2.10.1.jar;C:\Users\dheeraj.b\.m2\repository\com\fasterxml\jackson\core\jackson-core\2.10.1\jackson-core-2.10.1.jar;C:\Users\dheeraj.b\.m2\repository\com\fasterxml\jackson\datatype\jackson-datatype-jsr310\2.10.1\jackson-datatype-jsr310-2.10.1.jar;C:\Users\dheeraj.b\.m2\repository\org\apache\velocity\velocity-engine-core\2.1\velocity-engine-core-2.1.jar;C:\Users\dheeraj.b\.m2\repository\commons-collections\commons-collections\3.2.2\commons-collections-3.2.2.jar;C:\Users\dheeraj.b\.m2\repository\joda-time\joda-time\2.10.5\joda-time-2.10.5.jar;C:\Users\dheeraj.b\.m2\repository\org\codehaus\plexus\plexus-utils\3.3.0\plexus-utils-3.3.0.jar;C:\Users\dheeraj.b\.m2\repository\com\googlecode\owasp-java-html-sanitizer\owasp-java-html-sanitizer\20191001.1\owasp-java-html-sanitizer-20191001.1.jar;C:\Users\dheeraj.b\.m2\repository\commons-configuration\commons-configuration\1.10\commons-configuration-1.10.jar;C:\Users\dheeraj.b\.m2\repository\commons-lang\commons-lang\2.6\commons-lang-2.6.jar;C:\Users\dheeraj.b\.m2\repository\commons-logging\commons-logging\1.1.1\commons-logging-1.1.1.jar;C:\Users\dheeraj.b\.m2\repository\info\cukes\gherkin\2.12.2\gherkin-2.12.2.jar;"/>
    <property name="sun.cpu.endian" value="little"/>
    <property name="user.home" value="C:\Users\dheeraj.b"/>
    <property name="user.language" value="en"/>
    <property name="java.specification.vendor" value="Oracle Corporation"/>
    <property name="java.home" value="C:\Program Files\Java\jdk1.8.0_192\jre"/>
    <property name="basedir" value="C:\Users\dheeraj.b\eclipse-workspace\SelBDDJenGit"/>
    <property name="file.separator" value="\"/>
    <property name="line.separator" value="&#10;"/>
    <property name="java.vm.specification.vendor" value="Oracle Corporation"/>
    <property name="java.specification.name" value="Java Platform API Specification"/>
    <property name="java.awt.graphicsenv" value="sun.awt.Win32GraphicsEnvironment"/>
    <property name="surefire.real.class.path" value="C:\Users\dheeraj.b\AppData\Local\Temp\surefire8819041456347253909\surefirebooter5332441224931014104.jar"/>
    <property name="sun.boot.class.path" value="C:\Program Files\Java\jdk1.8.0_192\jre\lib\resources.jar;C:\Program Files\Java\jdk1.8.0_192\jre\lib\rt.jar;C:\Program Files\Java\jdk1.8.0_192\jre\lib\sunrsasign.jar;C:\Program Files\Java\jdk1.8.0_192\jre\lib\jsse.jar;C:\Program Files\Java\jdk1.8.0_192\jre\lib\jce.jar;C:\Program Files\Java\jdk1.8.0_192\jre\lib\charsets.jar;C:\Program Files\Java\jdk1.8.0_192\jre\lib\jfr.jar;C:\Program Files\Java\jdk1.8.0_192\jre\classes"/>
    <property name="user.script" value=""/>
    <property name="sun.management.compiler" value="HotSpot 64-Bit Tiered Compilers"/>
    <property name="java.runtime.version" value="1.8.0_192-b12"/>
    <property name="user.name" value="dheeraj.b"/>
    <property name="path.separator" value=";"/>
    <property name="os.version" value="10.0"/>
    <property name="java.endorsed.dirs" value="C:\Program Files\Java\jdk1.8.0_192\jre\lib\endorsed"/>
    <property name="java.runtime.name" value="Java(TM) SE Runtime Environment"/>
    <property name="file.encoding" value="Cp1252"/>
    <property name="java.vm.name" value="Java HotSpot(TM) 64-Bit Server VM"/>
    <property name="localRepository" value="C:\Users\dheeraj.b\.m2\repository"/>
    <property name="cucumber.options" value="--tags @greencart"/>
    <property name="java.vendor.url.bug" value="http://bugreport.sun.com/bugreport/"/>
    <property name="java.io.tmpdir" value="C:\Users\dheeraj.b\AppData\Local\Temp\"/>
    <property name="java.version" value="1.8.0_192"/>
    <property name="user.dir" value="C:\Users\dheeraj.b\eclipse-workspace\SelBDDJenGit"/>
    <property name="os.arch" value="amd64"/>
    <property name="java.vm.specification.name" value="Java Virtual Machine Specification"/>
    <property name="java.awt.printerjob" value="sun.awt.windows.WPrinterJob"/>
    <property name="sun.os.patch.level" value=""/>
    <property name="java.library.path" value="C:\Program Files\Java\jdk1.8.0_192\jre\bin;C:\Windows\Sun\Java\bin;C:\Windows\system32;C:\Windows;C:/Program Files/Java/jre1.8.0_192/bin/server;C:/Program Files/Java/jre1.8.0_192/bin;C:/Program Files/Java/jre1.8.0_192/lib/amd64;C:\Program Files (x86)\Common Files\Oracle\Java\javapath;C:\Windows\system32;C:\Windows;C:\Windows\System32\Wbem;C:\Windows\System32\WindowsPowerShell\v1.0\;C:\Windows\System32\OpenSSH\;C:\Program Files\TortoiseGit\bin;C:\Program Files (x86)\Yarn\bin\;C:\Program Files\PuTTY\;C:\Program Files\nodejs\;C:\Program Files\Git\cmd;C:\Program Files\Docker\Docker\resources\bin;C:\ProgramData\DockerDesktop\version-bin;C:\Users\dheeraj.b\AppData\Local\Microsoft\WindowsApps;C:\Users\dheeraj.b\AppData\Local\Programs\Microsoft VS Code\bin;C:\Program Files\Java\jdk1.8.0_192\bin;C:\Users\dheeraj.b\Downloads\apache-maven-3.6.3-bin\apache-maven-3.6.3\bin;C:\Users\dheeraj.b\AppData\Roaming\npm;;C:\Users\dheeraj.b\Downloads\eclipse-jee-oxygen-R-win32-x86_64\eclipse;;."/>
    <property name="java.vm.info" value="mixed mode"/>
    <property name="java.vendor" value="Oracle Corporation"/>
    <property name="java.vm.version" value="25.192-b12"/>
    <property name="java.ext.dirs" value="C:\Program Files\Java\jdk1.8.0_192\jre\lib\ext;C:\Windows\Sun\Java\lib\ext"/>
    <property name="sun.io.unicode.encoding" value="UnicodeLittle"/>
    <property name="java.class.version" value="52.0"/>
  </properties>
  <testcase name="Given customer is on the items page" classname="Scenario: To check naviagtion from itesm page to booking details page" time="0"/>
  <testcase name="When customer adds an item to cart" classname="Scenario: To check naviagtion from itesm page to booking details page" time="0"/>
  <testcase name="Then cart should be updated with items" classname="Scenario: To check naviagtion from itesm page to booking details page" time="0"/>
  <testcase name="And Able to navigate to booking details page" classname="Scenario: To check naviagtion from itesm page to booking details page" time="0"/>
  <testcase name="" classname="Scenario: To check naviagtion from itesm page to booking details page" time="0.649"/>
  <testcase name="Given customer is on the items page" classname="Scenario: To check naviagtion from booking details page to items page" time="0"/>
  <testcase name="When customer adds an item to cart" classname="Scenario: To check naviagtion from booking details page to items page" time="0"/>
  <testcase name="Then cart should be updated with items" classname="Scenario: To check naviagtion from booking details page to items page" time="0"/>
  <testcase name="And Able to navigate to booking details page" classname="Scenario: To check naviagtion from booking details page to items page" time="0"/>
  <testcase name="When customer clicks on back button" classname="Scenario: To check naviagtion from booking details page to items page" time="0"/>
  <testcase name="Then items page should be dispalyed" classname="Scenario: To check naviagtion from booking details page to items page" time="0"/>
  <testcase name="" classname="Scenario: To check naviagtion from booking details page to items page" time="1.043"/>
  <testcase name="Given customer is on the items page" classname="Scenario: To check navigation to country details page" time="0"/>
  <testcase name="When customer adds an item to cart" classname="Scenario: To check navigation to country details page" time="0"/>
  <testcase name="Then cart should be updated with items" classname="Scenario: To check navigation to country details page" time="0"/>
  <testcase name="And Able to navigate to booking details page" classname="Scenario: To check navigation to country details page" time="0"/>
  <testcase name="When clicks on &quot;Place order&quot; button" classname="Scenario: To check navigation to country details page" time="0"/>
  <testcase name="Then country page should eb dispalyed" classname="Scenario: To check navigation to country details page" time="0"/>
  <testcase name="" classname="Scenario: To check navigation to country details page" time="0.625"/>
  <testcase name="Given customer is on the items page" classname="Scenario: To check title in items page" time="0"/>
  <testcase name="When customer sees all the items" classname="Scenario: To check title in items page" time="0"/>
  <testcase name="Then title of the page should be displayed" classname="Scenario: To check title in items page" time="0"/>
  <testcase name="" classname="Scenario: To check title in items page" time="1.177"/>
  <testcase name="Given customer is on the items page" classname="Scenario: To check item details in items page" time="0"/>
  <testcase name="When customer sees any particular item" classname="Scenario: To check item details in items page" time="0"/>
  <testcase name="Then all the details should be displayed" classname="Scenario: To check item details in items page" time="0"/>
  <testcase name="" classname="Scenario: To check item details in items page" time="0.634"/>
  <testcase name="Given customer is on the items page" classname="Scenario: To check footer details in items page" time="0"/>
  <testcase name="When customer sees the footer" classname="Scenario: To check footer details in items page" time="0"/>
  <testcase name="Then footer text &quot;© 2019 GreenKart - buy veg and fruits online&quot; should be displayed" classname="Scenario: To check footer details in items page" time="0"/>
  <testcase name="" classname="Scenario: To check footer details in items page" time="0.622"/>
  <testcase name="Given customer is on the items page" classname="Scenario: To make booking with one item" time="0"/>
  <testcase name="When customer adds an item to cart" classname="Scenario: To make booking with one item" time="0"/>
  <testcase name="And clicks on proceed button" classname="Scenario: To make booking with one item" time="0"/>
  <testcase name="Then Booking details page should be displayed" classname="Scenario: To make booking with one item" time="0"/>
  <testcase name="And clicks on place order button" classname="Scenario: To make booking with one item" time="0"/>
  <testcase name="Then countryselection page should eb displayed" classname="Scenario: To make booking with one item" time="0"/>
  <testcase name="When user seelcts country and tandc checkbox" classname="Scenario: To make booking with one item" time="0"/>
  <testcase name="When customer clickson continue button" classname="Scenario: To make booking with one item" time="0"/>
  <testcase name="Then confirmation page should be displayed" classname="Scenario: To make booking with one item" time="0"/>
  <testcase name="" classname="Scenario: To make booking with one item" time="0.617"/>
  <testcase name="Given customer is on the items page" classname="Scenario: To make booking with many item" time="0"/>
  <testcase name="When customer ads many items to cart" classname="Scenario: To make booking with many item" time="0"/>
  <testcase name="And clicks on proceed button" classname="Scenario: To make booking with many item" time="0"/>
  <testcase name="Then Booking details page should be displayed" classname="Scenario: To make booking with many item" time="0"/>
  <testcase name="And clicks on place order button" classname="Scenario: To make booking with many item" time="0"/>
  <testcase name="Then countryselection page should eb displayed" classname="Scenario: To make booking with many item" time="0"/>
  <testcase name="When user seelcts country and tandc checkbox" classname="Scenario: To make booking with many item" time="0"/>
  <testcase name="When customer clickson continue button" classname="Scenario: To make booking with many item" time="0"/>
  <testcase name="Then confirmation page should be displayed" classname="Scenario: To make booking with many item" time="0"/>
  <testcase name="" classname="Scenario: To make booking with many item" time="0.62"/>
</testsuite>